<?xml version="1.0" encoding="UTF-8"?>
<testsuite xmlns:xsi="http://www.w3.org/2001/XMLSchema-instance" xsi:noNamespaceSchemaLocation="https://maven.apache.org/surefire/maven-surefire-plugin/xsd/surefire-test-report-3.0.xsd" version="3.0" name="com.biocluster.BioClusterManagerEstruturalTest" time="0.066" tests="9" errors="0" skipped="0" failures="0">
  <properties>
[...]
</properties>
  <testcase name="mc9_apenasO2Invasora" classname="com.biocluster.BioClusterManagerEstruturalTest" time="0.035"/>
  <testcase name="mc5_especieDiferenteComModoInter" classname="com.biocluster.BioClusterManagerEstruturalTest" time="0.0"/>
  <testcase name="mc6_saudeAbaixoDoThreshold" classname="com.biocluster.BioClusterManagerEstruturalTest" time="0.002"/>
  <testcase name="mc1_todasCondicoesFavoraveis" classname="com.biocluster.BioClusterManagerEstruturalTest" time="0.0"/>
  <testcase name="mc7_ambasInvasoras" classname="com.biocluster.BioClusterManagerEstruturalTest" time="0.0"/>
  <testcase name="mc4_mesmaEspecieSemModoInter" classname="com.biocluster.BioClusterManagerEstruturalTest" time="0.003"/>
  <testcase name="mc8_apenasO1Invasora" classname="com.biocluster.BioClusterManagerEstruturalTest" time="0.0"/>
  <testcase name="mc2_distanciaForaDoRaio" classname="com.biocluster.BioClusterManagerEstruturalTest" time="0.0"/>
  <testcase name="mc3_especieDiferenteSemModoInter" classname="com.biocluster.BioClusterManagerEstruturalTest" time="0.0"/>
</testsuite>