<?xml version="1.0" encoding="UTF-8"?>
<testsuite xmlns:xsi="http://www.w3.org/2001/XMLSchema-instance" xsi:noNamespaceSchemaLocation="https://maven.apache.org/surefire/maven-surefire-plugin/xsd/surefire-test-report-3.0.xsd" version="3.0" name="com.biocluster.BioClusterManagerMutacaoTest" time="0.032" tests="28" errors="0" skipped="0" failures="1">
  <properties>
[...]
</properties>
  <testcase name="mutante2_distMenorQueRaio" classname="com.biocluster.BioClusterManagerMutacaoTest" time="0.0"/>
  <testcase name="mutante22_loopExternoCompleto" classname="com.biocluster.BioClusterManagerMutacaoTest" time="0.0"/>
  <testcase name="mutante11_listaCom2Elementos" classname="com.biocluster.BioClusterManagerMutacaoTest" time="0.001"/>
  <testcase name="mutante12_removerAdd" classname="com.biocluster.BioClusterManagerMutacaoTest" time="0.0"/>
  <testcase name="mutante4_modoInterComEspecieDiferente" classname="com.biocluster.BioClusterManagerMutacaoTest" time="0.0"/>
  <testcase name="mutante17_listaVazia" classname="com.biocluster.BioClusterManagerMutacaoTest" time="0.001"/>
  <testcase name="mutante1_distIgualRaio" classname="com.biocluster.BioClusterManagerMutacaoTest" time="0.001"/>
  <testcase name="mutante25_distanciaEixoY" classname="com.biocluster.BioClusterManagerMutacaoTest" time="0.001"/>
  <testcase name="mutante21_apenasO2Invasora" classname="com.biocluster.BioClusterManagerMutacaoTest" time="0.001"/>
  <testcase name="mutante24_ambasSaudesBaixas" classname="com.biocluster.BioClusterManagerMutacaoTest" time="0.0"/>
  <testcase name="mutante27_limiteExato" classname="com.biocluster.BioClusterManagerMutacaoTest" time="0.0"/>
  <testcase name="mutante8a_ambasInvasoras" classname="com.biocluster.BioClusterManagerMutacaoTest" time="0.001"/>
  <testcase name="mutante20_limiteZero" classname="com.biocluster.BioClusterManagerMutacaoTest" time="0.007">
    <failure message="expected: &lt;true&gt; but was: &lt;false&gt;" type="org.opentest4j.AssertionFailedError"><![CDATA[org.opentest4j.AssertionFailedError: expected: <true> but was: <false>
	at org.junit.jupiter.api.AssertionFailureBuilder.build(AssertionFailureBuilder.java:151)
	at org.junit.jupiter.api.AssertionFailureBuilder.buildAndThrow(AssertionFailureBuilder.java:132)
	at org.junit.jupiter.api.AssertTrue.failNotTrue(AssertTrue.java:63)
	at org.junit.jupiter.api.AssertTrue.assertTrue(AssertTrue.java:36)
	at org.junit.jupiter.api.AssertTrue.assertTrue(AssertTrue.java:31)
	at org.junit.jupiter.api.Assertions.assertTrue(Assertions.java:183)
	at com.biocluster.BioClusterManagerMutacaoTest.mutante20_limiteZero(BioClusterManagerMutacaoTest.java:353)
	at java.base/java.lang.reflect.Method.invoke(Method.java:569)
	at java.base/java.util.ArrayList.forEach(ArrayList.java:1511)
	at java.base/java.util.ArrayList.forEach(ArrayList.java:1511)
]]></failure>
  </testcase>
  <testcase name="mutante8b_nenhumaInvasora" classname="com.biocluster.BioClusterManagerMutacaoTest" time="0.001"/>
  <testcase name="mutante15_saudeOr" classname="com.biocluster.BioClusterManagerMutacaoTest" time="0.001"/>
  <testcase name="mutante6_saudeIgualThreshold" classname="com.biocluster.BioClusterManagerMutacaoTest" time="0.0"/>
  <testcase name="mutante3_mesmaEspecie" classname="com.biocluster.BioClusterManagerMutacaoTest" time="0.0"/>
  <testcase name="mutante18_listaComUmElemento" classname="com.biocluster.BioClusterManagerMutacaoTest" time="0.0"/>
  <testcase name="mutante19_coordenadasAssimetricas" classname="com.biocluster.BioClusterManagerMutacaoTest" time="0.001"/>
  <testcase name="mutante7_saudeMaiorQueThreshold" classname="com.biocluster.BioClusterManagerMutacaoTest" time="0.001"/>
  <testcase name="mutante13_loopInterno" classname="com.biocluster.BioClusterManagerMutacaoTest" time="0.0"/>
  <testcase name="mutante16_apenasO2Saudavel" classname="com.biocluster.BioClusterManagerMutacaoTest" time="0.001"/>
  <testcase name="mutante26_formatoExato" classname="com.biocluster.BioClusterManagerMutacaoTest" time="0.0"/>
  <testcase name="mutante10_limiteSeguranca" classname="com.biocluster.BioClusterManagerMutacaoTest" time="0.0"/>
  <testcase name="mutante5_negarModoInter" classname="com.biocluster.BioClusterManagerMutacaoTest" time="0.0"/>
  <testcase name="mutante9_umaInvasora" classname="com.biocluster.BioClusterManagerMutacaoTest" time="0.0"/>
  <testcase name="mutante14_retornoVazio" classname="com.biocluster.BioClusterManagerMutacaoTest" time="0.0"/>
  <testcase name="mutante23_especieDiferenteSemModoInter" classname="com.biocluster.BioClusterManagerMutacaoTest" time="0.0"/>
</testsuite>